{"level":"INFO","time":"2023-04-04T15:07:27.491+0800","caller":"logger/logger.go:46","msg":"init logger success"}
{"level":"INFO","time":"2023-04-04T15:07:28.142+0800","caller":"mysql/mysql.go:35","msg":"mysql连接成功"}
{"level":"INFO","time":"2023-04-04T15:07:28.788+0800","caller":"mysql/migration.go:22","msg":"register table success"}
{"level":"ERROR","time":"2023-04-04T15:08:34.003+0800","caller":"controller/user.go:137","msg":"err","error":"{\"id\":\"go.micro.client\",\"code\":500,\"detail\":\"service getarea: not found\",\"status\":\"Internal Server Error\"}"}
{"level":"ERROR","time":"2023-04-04T15:08:36.245+0800","caller":"controller/user.go:137","msg":"err","error":"{\"id\":\"go.micro.client\",\"code\":500,\"detail\":\"service getarea: not found\",\"status\":\"Internal Server Error\"}"}
{"level":"ERROR","time":"2023-04-04T15:09:07.520+0800","caller":"controller/user.go:211","msg":"err","error":"{\"id\":\"go.micro.client\",\"code\":408,\"detail\":\"call timeout: context deadline exceeded\",\"status\":\"Request Timeout\"}"}
{"level":"ERROR","time":"2023-04-04T15:09:37.525+0800","caller":"controller/user.go:211","msg":"err","error":"{\"id\":\"go.micro.client\",\"code\":408,\"detail\":\"call timeout: context deadline exceeded\",\"status\":\"Request Timeout\"}"}
{"level":"ERROR","time":"2023-04-04T15:10:07.531+0800","caller":"controller/user.go:211","msg":"err","error":"{\"id\":\"go.micro.client\",\"code\":408,\"detail\":\"call timeout: context deadline exceeded\",\"status\":\"Request Timeout\"}"}
{"level":"ERROR","time":"2023-04-04T15:10:32.260+0800","caller":"controller/user.go:137","msg":"err","error":"{\"id\":\"go.micro.client\",\"code\":500,\"detail\":\"service getarea: not found\",\"status\":\"Internal Server Error\"}"}
{"level":"ERROR","time":"2023-04-04T15:10:47.116+0800","caller":"controller/user.go:167","msg":"err","error":"{\"id\":\"go.micro.client\",\"code\":500,\"detail\":\"service register: not found\",\"status\":\"Internal Server Error\"}"}
{"level":"ERROR","time":"2023-04-04T15:10:49.187+0800","caller":"controller/user.go:167","msg":"err","error":"{\"id\":\"go.micro.client\",\"code\":500,\"detail\":\"service register: not found\",\"status\":\"Internal Server Error\"}"}
{"level":"ERROR","time":"2023-04-04T15:10:50.213+0800","caller":"controller/user.go:167","msg":"err","error":"{\"id\":\"go.micro.client\",\"code\":500,\"detail\":\"service register: not found\",\"status\":\"Internal Server Error\"}"}
{"level":"ERROR","time":"2023-04-04T15:10:50.538+0800","caller":"controller/user.go:167","msg":"err","error":"{\"id\":\"go.micro.client\",\"code\":500,\"detail\":\"service register: not found\",\"status\":\"Internal Server Error\"}"}
{"level":"ERROR","time":"2023-04-04T15:10:50.692+0800","caller":"controller/user.go:167","msg":"err","error":"{\"id\":\"go.micro.client\",\"code\":500,\"detail\":\"service register: not found\",\"status\":\"Internal Server Error\"}"}
{"level":"ERROR","time":"2023-04-04T15:10:50.833+0800","caller":"controller/user.go:167","msg":"err","error":"{\"id\":\"go.micro.client\",\"code\":500,\"detail\":\"service register: not found\",\"status\":\"Internal Server Error\"}"}
{"level":"ERROR","time":"2023-04-04T15:10:50.987+0800","caller":"controller/user.go:167","msg":"err","error":"{\"id\":\"go.micro.client\",\"code\":500,\"detail\":\"service register: not found\",\"status\":\"Internal Server Error\"}"}
{"level":"ERROR","time":"2023-04-04T15:10:51.105+0800","caller":"controller/user.go:167","msg":"err","error":"{\"id\":\"go.micro.client\",\"code\":500,\"detail\":\"service register: not found\",\"status\":\"Internal Server Error\"}"}
{"level":"ERROR","time":"2023-04-04T15:10:51.242+0800","caller":"controller/user.go:167","msg":"err","error":"{\"id\":\"go.micro.client\",\"code\":500,\"detail\":\"service register: not found\",\"status\":\"Internal Server Error\"}"}
{"level":"ERROR","time":"2023-04-04T15:10:51.395+0800","caller":"controller/user.go:167","msg":"err","error":"{\"id\":\"go.micro.client\",\"code\":500,\"detail\":\"service register: not found\",\"status\":\"Internal Server Error\"}"}
{"level":"ERROR","time":"2023-04-04T15:12:13.870+0800","caller":"controller/user.go:137","msg":"err","error":"{\"id\":\"go.micro.client\",\"code\":500,\"detail\":\"service getarea: not found\",\"status\":\"Internal Server Error\"}"}
{"level":"ERROR","time":"2023-04-04T15:12:46.655+0800","caller":"controller/user.go:211","msg":"err","error":"{\"id\":\"go.micro.client\",\"code\":408,\"detail\":\"call timeout: context deadline exceeded\",\"status\":\"Request Timeout\"}"}
{"level":"ERROR","time":"2023-04-04T15:13:16.664+0800","caller":"controller/user.go:211","msg":"err","error":"{\"id\":\"go.micro.client\",\"code\":408,\"detail\":\"call timeout: context deadline exceeded\",\"status\":\"Request Timeout\"}"}
{"level":"ERROR","time":"2023-04-04T15:13:46.669+0800","caller":"controller/user.go:211","msg":"err","error":"{\"id\":\"go.micro.client\",\"code\":408,\"detail\":\"call timeout: context deadline exceeded\",\"status\":\"Request Timeout\"}"}
{"level":"ERROR","time":"2023-04-04T15:13:46.672+0800","caller":"controller/user.go:137","msg":"err","error":"{\"id\":\"go.micro.client\",\"code\":500,\"detail\":\"service getarea: not found\",\"status\":\"Internal Server Error\"}"}
{"level":"ERROR","time":"2023-04-04T15:14:16.681+0800","caller":"controller/user.go:211","msg":"err","error":"{\"id\":\"go.micro.client\",\"code\":408,\"detail\":\"call timeout: context deadline exceeded\",\"status\":\"Request Timeout\"}"}
{"level":"ERROR","time":"2023-04-04T15:15:29.223+0800","caller":"controller/user.go:137","msg":"err","error":"{\"id\":\"go.micro.client\",\"code\":500,\"detail\":\"service getarea: not found\",\"status\":\"Internal Server Error\"}"}
{"level":"ERROR","time":"2023-04-04T15:16:42.716+0800","caller":"controller/user.go:211","msg":"err","error":"{\"id\":\"go.micro.client\",\"code\":408,\"detail\":\"call timeout: context deadline exceeded\",\"status\":\"Request Timeout\"}"}
{"level":"ERROR","time":"2023-04-04T15:17:12.734+0800","caller":"controller/user.go:211","msg":"err","error":"{\"id\":\"go.micro.client\",\"code\":408,\"detail\":\"call timeout: context deadline exceeded\",\"status\":\"Request Timeout\"}"}
{"level":"ERROR","time":"2023-04-04T15:17:42.743+0800","caller":"controller/user.go:211","msg":"err","error":"{\"id\":\"go.micro.client\",\"code\":408,\"detail\":\"call timeout: context deadline exceeded\",\"status\":\"Request Timeout\"}"}
{"level":"ERROR","time":"2023-04-04T15:17:42.744+0800","caller":"controller/user.go:211","msg":"err","error":"{\"id\":\"go.micro.client\",\"code\":408,\"detail\":\"call timeout: context deadline exceeded\",\"status\":\"Request Timeout\"}"}
{"level":"ERROR","time":"2023-04-04T15:18:36.113+0800","caller":"controller/user.go:211","msg":"err","error":"{\"id\":\"go.micro.client\",\"code\":408,\"detail\":\"call timeout: context deadline exceeded\",\"status\":\"Request Timeout\"}"}
{"level":"ERROR","time":"2023-04-04T15:20:11.485+0800","caller":"controller/user.go:211","msg":"err","error":"{\"id\":\"go.micro.client\",\"code\":408,\"detail\":\"call timeout: context deadline exceeded\",\"status\":\"Request Timeout\"}"}
{"level":"ERROR","time":"2023-04-04T15:23:51.232+0800","caller":"controller/user.go:137","msg":"err","error":"{\"id\":\"go.micro.client\",\"code\":500,\"detail\":\"service getarea: not found\",\"status\":\"Internal Server Error\"}"}
{"level":"ERROR","time":"2023-04-04T15:23:52.714+0800","caller":"controller/user.go:137","msg":"err","error":"{\"id\":\"go.micro.client\",\"code\":500,\"detail\":\"service getarea: not found\",\"status\":\"Internal Server Error\"}"}
{"level":"ERROR","time":"2023-04-04T15:23:59.419+0800","caller":"controller/user.go:137","msg":"err","error":"{\"id\":\"go.micro.client\",\"code\":500,\"detail\":\"service getarea: not found\",\"status\":\"Internal Server Error\"}"}
{"level":"ERROR","time":"2023-04-04T15:24:40.578+0800","caller":"controller/user.go:254","msg":"err","error":"{\"id\":\"go.micro.client\",\"code\":408,\"detail\":\"call timeout: context deadline exceeded\",\"status\":\"Request Timeout\"}"}
{"level":"ERROR","time":"2023-04-04T15:25:10.594+0800","caller":"controller/user.go:293","msg":"err","error":"{\"id\":\"go.micro.client\",\"code\":408,\"detail\":\"call timeout: context deadline exceeded\",\"status\":\"Request Timeout\"}"}
{"level":"ERROR","time":"2023-04-04T15:25:40.607+0800","caller":"controller/user.go:293","msg":"err","error":"{\"id\":\"go.micro.client\",\"code\":408,\"detail\":\"call timeout: context deadline exceeded\",\"status\":\"Request Timeout\"}"}
{"level":"ERROR","time":"2023-04-04T15:28:21.410+0800","caller":"controller/user.go:137","msg":"err","error":"{\"id\":\"go.micro.client\",\"code\":500,\"detail\":\"service getarea: not found\",\"status\":\"Internal Server Error\"}"}
{"level":"ERROR","time":"2023-04-04T15:28:45.119+0800","caller":"controller/user.go:137","msg":"err","error":"{\"id\":\"go.micro.client\",\"code\":500,\"detail\":\"service getarea: not found\",\"status\":\"Internal Server Error\"}"}
{"level":"ERROR","time":"2023-04-04T15:29:01.635+0800","caller":"controller/user.go:137","msg":"err","error":"{\"id\":\"go.micro.client\",\"code\":500,\"detail\":\"service getarea: not found\",\"status\":\"Internal Server Error\"}"}
{"level":"ERROR","time":"2023-04-04T15:29:02.927+0800","caller":"controller/user.go:137","msg":"err","error":"{\"id\":\"go.micro.client\",\"code\":500,\"detail\":\"service getarea: not found\",\"status\":\"Internal Server Error\"}"}
{"level":"INFO","time":"2023-04-04T15:33:32.701+0800","caller":"logger/logger.go:46","msg":"init logger success"}
{"level":"INFO","time":"2023-04-04T15:33:32.824+0800","caller":"mysql/mysql.go:35","msg":"mysql连接成功"}
{"level":"INFO","time":"2023-04-04T15:33:32.907+0800","caller":"mysql/migration.go:22","msg":"register table success"}
{"level":"ERROR","time":"2023-04-04T15:35:01.662+0800","caller":"controller/user.go:211","msg":"err","error":"{\"id\":\"go.micro.client\",\"code\":500,\"detail\":\"service user: not found\",\"status\":\"Internal Server Error\"}"}
{"level":"INFO","time":"2023-04-04T15:55:26.606+0800","caller":"logger/logger.go:46","msg":"init logger success"}
{"level":"INFO","time":"2023-04-04T15:55:26.762+0800","caller":"mysql/mysql.go:35","msg":"mysql连接成功"}
{"level":"INFO","time":"2023-04-04T15:55:26.914+0800","caller":"mysql/migration.go:22","msg":"register table success"}
{"level":"ERROR","time":"2023-04-04T15:55:51.436+0800","caller":"controller/user.go:211","msg":"err","error":"{\"id\":\"go.micro.client\",\"code\":500,\"detail\":\"service user: not found\",\"status\":\"Internal Server Error\"}"}
{"level":"ERROR","time":"2023-04-04T15:55:52.958+0800","caller":"controller/user.go:211","msg":"err","error":"{\"id\":\"go.micro.client\",\"code\":500,\"detail\":\"service user: not found\",\"status\":\"Internal Server Error\"}"}
{"level":"INFO","time":"2023-04-04T16:02:57.410+0800","caller":"logger/logger.go:46","msg":"init logger success"}
{"level":"INFO","time":"2023-04-04T16:02:57.459+0800","caller":"mysql/mysql.go:35","msg":"mysql连接成功"}
{"level":"INFO","time":"2023-04-04T16:02:57.622+0800","caller":"mysql/migration.go:22","msg":"register table success"}
{"level":"ERROR","time":"2023-04-04T16:04:44.065+0800","caller":"controller/user.go:137","msg":"err","error":"{\"id\":\"go.micro.client\",\"code\":500,\"detail\":\"service getarea: not found\",\"status\":\"Internal Server Error\"}"}
